Downloading/unpacking mysql-python

  Getting page https://pypi.python.org/simple/mysql-python/
  URLs to search for versions for mysql-python:
  * https://pypi.python.org/simple/mysql-python/
  Analyzing links from page https://pypi.python.org/simple/MySQL-python/
    Skipping link https://pypi.python.org/packages/2.4/M/MySQL-python/MySQL_python-1.2.2-py2.4-win32.egg#md5=6620279666cb40e26d89079b55e61a3f (from https://pypi.python.org/simple/MySQL-python/); unknown archive format: .egg
    Skipping link https://pypi.python.org/packages/2.5/M/MySQL-python/MySQL_python-1.2.2-py2.5-win32.egg#md5=596ec38e498e80ce73759f777b29c588 (from https://pypi.python.org/simple/MySQL-python/); unknown archive format: .egg
    Skipping link https://pypi.python.org/packages/2.5/M/MySQL-python/MySQL_python-1.2.3b1-py2.5-linux-i686.egg#md5=43ace300f3eda0fc418869b04a5139eb (from https://pypi.python.org/simple/MySQL-python/); unknown archive format: .egg
    Skipping link https://pypi.python.org/packages/2.5/M/MySQL-python/MySQL_python-1.2.3b2-py2.5-linux-i686.egg#md5=36f78115685d8ed96ab9199c36ef0ab0 (from https://pypi.python.org/simple/MySQL-python/); unknown archive format: .egg
    Skipping link https://pypi.python.org/packages/2.5/M/MySQL-python/MySQL_python-1.2.3c1-py2.5-linux-i686.egg#md5=1efcbed6f1f29acd50993f54109938d3 (from https://pypi.python.org/simple/MySQL-python/); unknown archive format: .egg
    Skipping link https://pypi.python.org/packages/2.6/M/MySQL-python/MySQL_python-1.2.3b1-py2.6-linux-i686.egg#md5=4a640ca00352a18e0a8211e935406100 (from https://pypi.python.org/simple/MySQL-python/); unknown archive format: .egg
    Skipping link https://pypi.python.org/packages/2.6/M/MySQL-python/MySQL_python-1.2.3b2-py2.6-linux-i686.egg#md5=08ba3e38b899a70a1a2bb3239107acae (from https://pypi.python.org/simple/MySQL-python/); unknown archive format: .egg
    Skipping link https://pypi.python.org/packages/2.6/M/MySQL-python/MySQL_python-1.2.3c1-py2.6-linux-i686.egg#md5=fd472a7c42ef80bd671272a25d6aadf8 (from https://pypi.python.org/simple/MySQL-python/); unknown archive format: .egg
    Skipping link https://pypi.python.org/packages/2.7/M/MySQL-python/MySQL-python-1.2.4.win32-py2.7.exe#md5=313b4ceed0144a3019f87a4fba5168d6 (from https://pypi.python.org/simple/MySQL-python/); unknown archive format: .exe
    Skipping link https://pypi.python.org/packages/2.7/M/MySQL-python/MySQL-python-1.2.4b1.win32-py2.7.exe#md5=e0a9f62c7a65eca79a1aa58371caa405 (from https://pypi.python.org/simple/MySQL-python/); unknown archive format: .exe
    Skipping link https://pypi.python.org/packages/2.7/M/MySQL-python/MySQL-python-1.2.4b2.win32-py2.7.exe#md5=ac5812bf27dde82c41476b09aeba3ecf (from https://pypi.python.org/simple/MySQL-python/); unknown archive format: .exe
    Skipping link https://pypi.python.org/packages/2.7/M/MySQL-python/MySQL-python-1.2.4b3.win32-py2.7.exe#md5=4596e73263008aa83d59b0541fe2ce7e (from https://pypi.python.org/simple/MySQL-python/); unknown archive format: .exe
    Skipping link https://pypi.python.org/packages/2.7/M/MySQL-python/MySQL-python-1.2.4b4.win32-py2.7.exe#md5=b53ad22d5a8e16d11ffb919eb07c9b89 (from https://pypi.python.org/simple/MySQL-python/); unknown archive format: .exe
    Skipping link https://pypi.python.org/packages/2.7/M/MySQL-python/MySQL-python-1.2.4b5.win32-py2.7.exe#md5=ad3dd07e28fd38c89a02cacb122bf27a (from https://pypi.python.org/simple/MySQL-python/); unknown archive format: .exe
    Skipping link https://pypi.python.org/packages/2.7/M/MySQL-python/MySQL-python-1.2.4c1.win32-py2.7.exe#md5=2a07d427814482fb90dbe97b591fc31d (from https://pypi.python.org/simple/MySQL-python/); unknown archive format: .exe
    Skipping link https://pypi.python.org/packages/2.7/M/MySQL-python/MySQL-python-1.2.5.win32-py2.7.exe#md5=6f43f42516ea26e79cfb100af69a925e (from https://pypi.python.org/simple/MySQL-python/); unknown archive format: .exe
    Found link https://pypi.python.org/packages/source/M/MySQL-python/MySQL-python-1.2.3.tar.gz#md5=215eddb6d853f6f4be5b4afc4154292f (from https://pypi.python.org/simple/MySQL-python/), version: 1.2.3
    Found link https://pypi.python.org/packages/source/M/MySQL-python/MySQL-python-1.2.3b1.tar.gz#md5=906c00cbfb81f54a474b3e7dcf7236bb (from https://pypi.python.org/simple/MySQL-python/), version: 1.2.3b1
    Found link https://pypi.python.org/packages/source/M/MySQL-python/MySQL-python-1.2.3b2.tar.gz#md5=e30ae85d490e87f3788eb4a59e590130 (from https://pypi.python.org/simple/MySQL-python/), version: 1.2.3b2
    Found link https://pypi.python.org/packages/source/M/MySQL-python/MySQL-python-1.2.3c1.tar.gz#md5=310dd856e439d070b59ece6dd7a0734d (from https://pypi.python.org/simple/MySQL-python/), version: 1.2.3c1
    Found link https://pypi.python.org/packages/source/M/MySQL-python/MySQL-python-1.2.4.zip#md5=ddf2386daf10a97af115ffad2ed4a9a0 (from https://pypi.python.org/simple/MySQL-python/), version: 1.2.4
    Found link https://pypi.python.org/packages/source/M/MySQL-python/MySQL-python-1.2.4b1.tar.gz#md5=138669627e06f10c1c2e75122f673c21 (from https://pypi.python.org/simple/MySQL-python/), version: 1.2.4b1
    Found link https://pypi.python.org/packages/source/M/MySQL-python/MySQL-python-1.2.4b2.tar.gz#md5=d13f7351e195277ffd019bd7644312c9 (from https://pypi.python.org/simple/MySQL-python/), version: 1.2.4b2
    Found link https://pypi.python.org/packages/source/M/MySQL-python/MySQL-python-1.2.4b3.tar.gz#md5=b495d89426d83ba1e305f774e81b872f (from https://pypi.python.org/simple/MySQL-python/), version: 1.2.4b3
    Found link https://pypi.python.org/packages/source/M/MySQL-python/MySQL-python-1.2.4b3.zip#md5=2fb8db45f5c71dbc5869bd19eaaf546c (from https://pypi.python.org/simple/MySQL-python/), version: 1.2.4b3
    Found link https://pypi.python.org/packages/source/M/MySQL-python/MySQL-python-1.2.4b4.tar.gz#md5=0958cb9c23d5a656caac031c4886b1cf (from https://pypi.python.org/simple/MySQL-python/), version: 1.2.4b4
    Found link https://pypi.python.org/packages/source/M/MySQL-python/MySQL-python-1.2.4b4.zip#md5=2ce6fad5c5fe4074c33e8e799dc7a0af (from https://pypi.python.org/simple/MySQL-python/), version: 1.2.4b4
    Found link https://pypi.python.org/packages/source/M/MySQL-python/MySQL-python-1.2.4b5.tar.gz#md5=2d760ee948aff4f50d01afdf8afff48c (from https://pypi.python.org/simple/MySQL-python/), version: 1.2.4b5
    Found link https://pypi.python.org/packages/source/M/MySQL-python/MySQL-python-1.2.4b5.zip#md5=4f645ed23ea0f8848be77f25ffe94ade (from https://pypi.python.org/simple/MySQL-python/), version: 1.2.4b5
    Found link https://pypi.python.org/packages/source/M/MySQL-python/MySQL-python-1.2.4c1.zip#md5=a05925412cd824104da064db6a889613 (from https://pypi.python.org/simple/MySQL-python/), version: 1.2.4c1
    Found link https://pypi.python.org/packages/source/M/MySQL-python/MySQL-python-1.2.5.zip#md5=654f75b302db6ed8dc5a898c625e030c (from https://pypi.python.org/simple/MySQL-python/), version: 1.2.5
  Ignoring link https://pypi.python.org/packages/source/M/MySQL-python/MySQL-python-1.2.3b1.tar.gz#md5=906c00cbfb81f54a474b3e7dcf7236bb (from https://pypi.python.org/simple/MySQL-python/), version 1.2.3b1 is a pre-release (use --pre to allow).
  Ignoring link https://pypi.python.org/packages/source/M/MySQL-python/MySQL-python-1.2.3b2.tar.gz#md5=e30ae85d490e87f3788eb4a59e590130 (from https://pypi.python.org/simple/MySQL-python/), version 1.2.3b2 is a pre-release (use --pre to allow).
  Ignoring link https://pypi.python.org/packages/source/M/MySQL-python/MySQL-python-1.2.3c1.tar.gz#md5=310dd856e439d070b59ece6dd7a0734d (from https://pypi.python.org/simple/MySQL-python/), version 1.2.3c1 is a pre-release (use --pre to allow).
  Ignoring link https://pypi.python.org/packages/source/M/MySQL-python/MySQL-python-1.2.4b1.tar.gz#md5=138669627e06f10c1c2e75122f673c21 (from https://pypi.python.org/simple/MySQL-python/), version 1.2.4b1 is a pre-release (use --pre to allow).
  Ignoring link https://pypi.python.org/packages/source/M/MySQL-python/MySQL-python-1.2.4b2.tar.gz#md5=d13f7351e195277ffd019bd7644312c9 (from https://pypi.python.org/simple/MySQL-python/), version 1.2.4b2 is a pre-release (use --pre to allow).
  Ignoring link https://pypi.python.org/packages/source/M/MySQL-python/MySQL-python-1.2.4b3.tar.gz#md5=b495d89426d83ba1e305f774e81b872f (from https://pypi.python.org/simple/MySQL-python/), version 1.2.4b3 is a pre-release (use --pre to allow).
  Ignoring link https://pypi.python.org/packages/source/M/MySQL-python/MySQL-python-1.2.4b3.zip#md5=2fb8db45f5c71dbc5869bd19eaaf546c (from https://pypi.python.org/simple/MySQL-python/), version 1.2.4b3 is a pre-release (use --pre to allow).
  Ignoring link https://pypi.python.org/packages/source/M/MySQL-python/MySQL-python-1.2.4b4.tar.gz#md5=0958cb9c23d5a656caac031c4886b1cf (from https://pypi.python.org/simple/MySQL-python/), version 1.2.4b4 is a pre-release (use --pre to allow).
  Ignoring link https://pypi.python.org/packages/source/M/MySQL-python/MySQL-python-1.2.4b4.zip#md5=2ce6fad5c5fe4074c33e8e799dc7a0af (from https://pypi.python.org/simple/MySQL-python/), version 1.2.4b4 is a pre-release (use --pre to allow).
  Ignoring link https://pypi.python.org/packages/source/M/MySQL-python/MySQL-python-1.2.4b5.tar.gz#md5=2d760ee948aff4f50d01afdf8afff48c (from https://pypi.python.org/simple/MySQL-python/), version 1.2.4b5 is a pre-release (use --pre to allow).
  Ignoring link https://pypi.python.org/packages/source/M/MySQL-python/MySQL-python-1.2.4b5.zip#md5=4f645ed23ea0f8848be77f25ffe94ade (from https://pypi.python.org/simple/MySQL-python/), version 1.2.4b5 is a pre-release (use --pre to allow).
  Ignoring link https://pypi.python.org/packages/source/M/MySQL-python/MySQL-python-1.2.4c1.zip#md5=a05925412cd824104da064db6a889613 (from https://pypi.python.org/simple/MySQL-python/), version 1.2.4c1 is a pre-release (use --pre to allow).
  Using version 1.2.5 (newest of versions: 1.2.5, 1.2.4, 1.2.3)
  Downloading from URL https://pypi.python.org/packages/source/M/MySQL-python/MySQL-python-1.2.5.zip#md5=654f75b302db6ed8dc5a898c625e030c (from https://pypi.python.org/simple/MySQL-python/)
  Running setup.py egg_info for package mysql-python

    Traceback (most recent call last):

      File "<string>", line 16, in <module>

      File "/tmp/pip_build_jpboucher/mysql-python/setup.py", line 13, in <module>

        from setup_posix import get_config

      File "./setup_posix.py", line 2, in <module>

        from ConfigParser import SafeConfigParser

    ImportError: No module named 'ConfigParser'

    Complete output from command python setup.py egg_info:

    Traceback (most recent call last):

  File "<string>", line 16, in <module>

  File "/tmp/pip_build_jpboucher/mysql-python/setup.py", line 13, in <module>

    from setup_posix import get_config

  File "./setup_posix.py", line 2, in <module>

    from ConfigParser import SafeConfigParser

ImportError: No module named 'ConfigParser'

----------------------------------------

Cleaning up...

  Removing temporary dir /tmp/pip_build_jpboucher...
Command python setup.py egg_info failed with error code 1 in /tmp/pip_build_jpboucher/mysql-python

Exception information:
Traceback (most recent call last):
  File "/usr/local/lib/python3.3/dist-packages/pip-1.4.1-py3.3.egg/pip/basecommand.py", line 134, in main
    status = self.run(options, args)
  File "/usr/local/lib/python3.3/dist-packages/pip-1.4.1-py3.3.egg/pip/commands/install.py", line 236, in run
    requirement_set.prepare_files(finder, force_root_egg_info=self.bundle, bundle=self.bundle)
  File "/usr/local/lib/python3.3/dist-packages/pip-1.4.1-py3.3.egg/pip/req.py", line 1134, in prepare_files
    req_to_install.run_egg_info()
  File "/usr/local/lib/python3.3/dist-packages/pip-1.4.1-py3.3.egg/pip/req.py", line 259, in run_egg_info
    command_desc='python setup.py egg_info')
  File "/usr/local/lib/python3.3/dist-packages/pip-1.4.1-py3.3.egg/pip/util.py", line 670, in call_subprocess
    % (command_desc, proc.returncode, cwd))
pip.exceptions.InstallationError: Command python setup.py egg_info failed with error code 1 in /tmp/pip_build_jpboucher/mysql-python
